<?xml version="1.0" encoding="UTF-8"?>
<testsuite name="ee.loki.bbgame.BBGameActionsTest" tests="8" skipped="0" failures="0" errors="0" timestamp="2025-09-07T16:43:49.558Z" hostname="asterix" time="0.046">
  <properties/>
  <testcase name="selectNextTaskSelectsByValue()" classname="ee.loki.bbgame.BBGameActionsTest" time="0.026"/>
  <testcase name="selectNextTaskSelectsByExpiration()" classname="ee.loki.bbgame.BBGameActionsTest" time="0.001"/>
  <testcase name="startGameSucceeds()" classname="ee.loki.bbgame.BBGameActionsTest" time="0.002"/>
  <testcase name="doShoppingRespectsAvailableGoldForHealth()" classname="ee.loki.bbgame.BBGameActionsTest" time="0.002"/>
  <testcase name="doShoppingBuysLivesCorrectly()" classname="ee.loki.bbgame.BBGameActionsTest" time="0.002"/>
  <testcase name="doShoppingRespectsAvailableGoldForUpgrades()" classname="ee.loki.bbgame.BBGameActionsTest" time="0.001"/>
  <testcase name="resolveTaskWorksCorrectly()" classname="ee.loki.bbgame.BBGameActionsTest" time="0.009"/>
  <testcase name="doShoppingBuysUpgradesCorrectly()" classname="ee.loki.bbgame.BBGameActionsTest" time="0.001"/>
  <system-out><![CDATA[]]></system-out>
  <system-err><![CDATA[[Test worker] INFO ee.loki.bbgame.rest.BBGameClient - Started new game: testGameId
[Test worker] INFO ee.loki.bbgame.BBGameActions - Task result: TaskResult[success=true, lives=11, gold=12, score=13, highScore=0, turn=2, message=You successfully solved the mission!]
]]></system-err>
</testsuite>
