<?xml version="1.0" encoding="UTF-8"?>
<testsuite name="ee.loki.bbgame.gamemodel.TaskTest" tests="2" skipped="0" failures="0" errors="0" timestamp="2025-09-07T16:43:49.608Z" hostname="asterix" time="0.003">
  <properties/>
  <testcase name="canDetectUnknownEncryption()" classname="ee.loki.bbgame.gamemodel.TaskTest" time="0.0"/>
  <testcase name="canDecryptType_1()" classname="ee.loki.bbgame.gamemodel.TaskTest" time="0.002"/>
  <system-out><![CDATA[]]></system-out>
  <system-err><![CDATA[]]></system-err>
</testsuite>
